<?xml version="1.0" encoding="UTF-8"?>
<testsuite xmlns:xsi="http://www.w3.org/2001/XMLSchema-instance" xsi:noNamespaceSchemaLocation="https://maven.apache.org/surefire/maven-surefire-plugin/xsd/surefire-test-report.xsd" version="3.0.2" name="com.example.longphungapp.LongPhungAppApplicationTests" time="10.144" tests="3" errors="0" skipped="0" failures="0">
  <properties>
[...]
</properties>
  <testcase name="testSanPhamServiceIsSingleton" classname="com.example.longphungapp.LongPhungAppApplicationTests" time="0.466">
    <system-out><![CDATA[10:17:57.857 [main] INFO org.springframework.test.context.support.AnnotationConfigContextLoaderUtils -- Could not detect default configuration classes for test class [com.example.longphungapp.LongPhungAppApplicationTests]: LongPhungAppApplicationTests does not declare any static, non-private, non-final, nested classes annotated with @Configuration.
10:17:57.988 [main] INFO org.springframework.boot.test.context.SpringBootTestContextBootstrapper -- Found @SpringBootConfiguration com.example.longphungapp.LongPhungAppApplication for test class com.example.longphungapp.LongPhungAppApplicationTests
10:17:58.198 [main] INFO org.springframework.boot.devtools.restart.RestartApplicationListener -- Restart disabled due to context in which it is running

  .   ____          _            __ _ _
 /\\ / ___'_ __ _ _(_)_ __  __ _ \ \ \ \
( ( )\___ | '_ | '_| | '_ \/ _` | \ \ \ \
 \\/  ___)| |_)| | | | | || (_| |  ) ) ) )
  '  |____| .__|_| |_|_| |_\__, | / / / /
 =========|_|==============|___/=/_/_/_/

 :: Spring Boot ::                (v3.4.3)

2025-06-02T10:17:58.494+07:00  INFO 23080 --- [LongPhungApp] [           main] c.e.l.LongPhungAppApplicationTests       : Starting LongPhungAppApplicationTests v0.0.1-SNAPSHOT using Java 21.0.2 with PID 23080 (started by kmink in E:\CongViec\LongPhungApp\LongPhungBE)
2025-06-02T10:17:58.496+07:00  INFO 23080 --- [LongPhungApp] [           main] c.e.l.LongPhungAppApplicationTests       : No active profile set, falling back to 1 default profile: "default"
2025-06-02T10:17:58.540+07:00 DEBUG 23080 --- [LongPhungApp] [           main] o.s.w.c.s.GenericWebApplicationContext   : Refreshing org.springframework.web.context.support.GenericWebApplicationContext@654b72c0
2025-06-02T10:17:59.350+07:00  INFO 23080 --- [LongPhungApp] [           main] .s.d.r.c.RepositoryConfigurationDelegate : Multiple Spring Data modules found, entering strict repository configuration mode
2025-06-02T10:17:59.350+07:00  INFO 23080 --- [LongPhungApp] [           main] .s.d.r.c.RepositoryConfigurationDelegate : Bootstrapping Spring Data JPA repositories in DEFAULT mode.
2025-06-02T10:17:59.456+07:00  INFO 23080 --- [LongPhungApp] [           main] .s.d.r.c.RepositoryConfigurationDelegate : Finished Spring Data repository scanning in 97 ms. Found 29 JPA repository interfaces.
2025-06-02T10:17:59.992+07:00  INFO 23080 --- [LongPhungApp] [           main] .s.d.r.c.RepositoryConfigurationDelegate : Multiple Spring Data modules found, entering strict repository configuration mode
2025-06-02T10:17:59.992+07:00  INFO 23080 --- [LongPhungApp] [           main] .s.d.r.c.RepositoryConfigurationDelegate : Bootstrapping Spring Data JDBC repositories in DEFAULT mode.
2025-06-02T10:18:00.022+07:00  INFO 23080 --- [LongPhungApp] [           main] .RepositoryConfigurationExtensionSupport : Spring Data JDBC - Could not safely identify store assignment for repository candidate interface com.example.longphungapp.repository.ChamCongRepository; If you want this repository to be a JDBC repository, consider annotating your entities with one of these annotations: org.springframework.data.relational.core.mapping.Table.
2025-06-02T10:18:00.022+07:00  INFO 23080 --- [LongPhungApp] [           main] .RepositoryConfigurationExtensionSupport : Spring Data JDBC - Could not safely identify store assignment for repository candidate interface com.example.longphungapp.repository.ChatLieuRepository; If you want this repository to be a JDBC repository, consider annotating your entities with one of these annotations: org.springframework.data.relational.core.mapping.Table.
2025-06-02T10:18:00.023+07:00  INFO 23080 --- [LongPhungApp] [           main] .RepositoryConfigurationExtensionSupport : Spring Data JDBC - Could not safely identify store assignment for repository candidate interface com.example.longphungapp.repository.CongDoanRepository; If you want this repository to be a JDBC repository, consider annotating your entities with one of these annotations: org.springframework.data.relational.core.mapping.Table.
2025-06-02T10:18:00.023+07:00  INFO 23080 --- [LongPhungApp] [           main] .RepositoryConfigurationExtensionSupport : Spring Data JDBC - Could not safely identify store assignment for repository candidate interface com.example.longphungapp.repository.CongViecCTRepository; If you want this repository to be a JDBC repository, consider annotating your entities with one of these annotations: org.springframework.data.relational.core.mapping.Table.
2025-06-02T10:18:00.023+07:00  INFO 23080 --- [LongPhungApp] [           main] .RepositoryConfigurationExtensionSupport : Spring Data JDBC - Could not safely identify store assignment for repository candidate interface com.example.longphungapp.repository.DonHangCTRepository; If you want this repository to be a JDBC repository, consider annotating your entities with one of these annotations: org.springframework.data.relational.core.mapping.Table.
2025-06-02T10:18:00.023+07:00  INFO 23080 --- [LongPhungApp] [           main] .RepositoryConfigurationExtensionSupport : Spring Data JDBC - Could not safely identify store assignment for repository candidate interface com.example.longphungapp.repository.DonHangRepository; If you want this repository to be a JDBC repository, consider annotating your entities with one of these annotations: org.springframework.data.relational.core.mapping.Table.
2025-06-02T10:18:00.024+07:00  INFO 23080 --- [LongPhungApp] [           main] .RepositoryConfigurationExtensionSupport : Spring Data JDBC - Could not safely identify store assignment for repository candidate interface com.example.longphungapp.repository.DonHuyRepository; If you want this repository to be a JDBC repository, consider annotating your entities with one of these annotations: org.springframework.data.relational.core.mapping.Table.
2025-06-02T10:18:00.024+07:00  INFO 23080 --- [LongPhungApp] [           main] .RepositoryConfigurationExtensionSupport : Spring Data JDBC - Could not safely identify store assignment for repository candidate interface com.example.longphungapp.repository.DonThuMuaRepository; If you want this repository to be a JDBC repository, consider annotating your entities with one of these annotations: org.springframework.data.relational.core.mapping.Table.
2025-06-02T10:18:00.024+07:00  INFO 23080 --- [LongPhungApp] [           main] .RepositoryConfigurationExtensionSupport : Spring Data JDBC - Could not safely identify store assignment for repository candidate interface com.example.longphungapp.repository.DoViTinhRepository; If you want this repository to be a JDBC repository, consider annotating your entities with one of these annotations: org.springframework.data.relational.core.mapping.Table.
2025-06-02T10:18:00.024+07:00  INFO 23080 --- [LongPhungApp] [           main] .RepositoryConfigurationExtensionSupport : Spring Data JDBC - Could not safely identify store assignment for repository candidate interface com.example.longphungapp.repository.DVVCRepository; If you want this repository to be a JDBC repository, consider annotating your entities with one of these annotations: org.springframework.data.relational.core.mapping.Table.
2025-06-02T10:18:00.025+07:00  INFO 23080 --- [LongPhungApp] [           main] .RepositoryConfigurationExtensionSupport : Spring Data JDBC - Could not safely identify store assignment for repository candidate interface com.example.longphungapp.repository.HinhDangRepository; If you want this repository to be a JDBC repository, consider annotating your entities with one of these annotations: org.springframework.data.relational.core.mapping.Table.
2025-06-02T10:18:00.025+07:00  INFO 23080 --- [LongPhungApp] [           main] .RepositoryConfigurationExtensionSupport : Spring Data JDBC - Could not safely identify store assignment for repository candidate interface com.example.longphungapp.repository.ImagesRepository; If you want this repository to be a JDBC repository, consider annotating your entities with one of these annotations: org.springframework.data.relational.core.mapping.Table.
2025-06-02T10:18:00.025+07:00  INFO 23080 --- [LongPhungApp] [           main] .RepositoryConfigurationExtensionSupport : Spring Data JDBC - Could not safely identify store assignment for repository candidate interface com.example.longphungapp.repository.KhachHangRepository; If you want this repository to be a JDBC repository, consider annotating your entities with one of these annotations: org.springframework.data.relational.core.mapping.Table.
2025-06-02T10:18:00.026+07:00  INFO 23080 --- [LongPhungApp] [           main] .RepositoryConfigurationExtensionSupport : Spring Data JDBC - Could not safely identify store assignment for repository candidate interface com.example.longphungapp.repository.KhoRepository; If you want this repository to be a JDBC repository, consider annotating your entities with one of these annotations: org.springframework.data.relational.core.mapping.Table.
2025-06-02T10:18:00.026+07:00  INFO 23080 --- [LongPhungApp] [           main] .RepositoryConfigurationExtensionSupport : Spring Data JDBC - Could not safely identify store assignment for repository candidate interface com.example.longphungapp.repository.LichSuCVRepository; If you want this repository to be a JDBC repository, consider annotating your entities with one of these annotations: org.springframework.data.relational.core.mapping.Table.
2025-06-02T10:18:00.026+07:00  INFO 23080 --- [LongPhungApp] [           main] .RepositoryConfigurationExtensionSupport : Spring Data JDBC - Could not safely identify store assignment for repository candidate interface com.example.longphungapp.repository.LichSuDonHangRepository; If you want this repository to be a JDBC repository, consider annotating your entities with one of these annotations: org.springframework.data.relational.core.mapping.Table.
2025-06-02T10:18:00.026+07:00  INFO 23080 --- [LongPhungApp] [           main] .RepositoryConfigurationExtensionSupport : Spring Data JDBC - Could not safely identify store assignment for repository candidate interface com.example.longphungapp.repository.ListGiaThuMuaRepository; If you want this repository to be a JDBC repository, consider annotating your entities with one of these annotations: org.springframework.data.relational.core.mapping.Table.
2025-06-02T10:18:00.027+07:00  INFO 23080 --- [LongPhungApp] [           main] .RepositoryConfigurationExtensionSupport : Spring Data JDBC - Could not safely identify store assignment for repository candidate interface com.example.longphungapp.repository.LoaiSpRepository; If you want this repository to be a JDBC repository, consider annotating your entities with one of these annotations: org.springframework.data.relational.core.mapping.Table.
2025-06-02T10:18:00.027+07:00  INFO 23080 --- [LongPhungApp] [           main] .RepositoryConfigurationExtensionSupport : Spring Data JDBC - Could not safely identify store assignment for repository candidate interface com.example.longphungapp.repository.NhanVienRepository; If you want this repository to be a JDBC repository, consider annotating your entities with one of these annotations: org.springframework.data.relational.core.mapping.Table.
2025-06-02T10:18:00.027+07:00  INFO 23080 --- [LongPhungApp] [           main] .RepositoryConfigurationExtensionSupport : Spring Data JDBC - Could not safely identify store assignment for repository candidate interface com.example.longphungapp.repository.PhieuChiTietRepository; If you want this repository to be a JDBC repository, consider annotating your entities with one of these annotations: org.springframework.data.relational.core.mapping.Table.
2025-06-02T10:18:00.027+07:00  INFO 23080 --- [LongPhungApp] [           main] .RepositoryConfigurationExtensionSupport : Spring Data JDBC - Could not safely identify store assignment for repository candidate interface com.example.longphungapp.repository.PhieuRepository; If you want this repository to be a JDBC repository, consider annotating your entities with one of these annotations: org.springframework.data.relational.core.mapping.Table.
2025-06-02T10:18:00.028+07:00  INFO 23080 --- [LongPhungApp] [           main] .RepositoryConfigurationExtensionSupport : Spring Data JDBC - Could not safely identify store assignment for repository candidate interface com.example.longphungapp.repository.QuyTrinhCongDoanRepository; If you want this repository to be a JDBC repository, consider annotating your entities with one of these annotations: org.springframework.data.relational.core.mapping.Table.
2025-06-02T10:18:00.028+07:00  INFO 23080 --- [LongPhungApp] [           main] .RepositoryConfigurationExtensionSupport : Spring Data JDBC - Could not safely identify store assignment for repository candidate interface com.example.longphungapp.repository.QuyTrinhRepository; If you want this repository to be a JDBC repository, consider annotating your entities with one of these annotations: org.springframework.data.relational.core.mapping.Table.
2025-06-02T10:18:00.028+07:00  INFO 23080 --- [LongPhungApp] [           main] .RepositoryConfigurationExtensionSupport : Spring Data JDBC - Could not safely identify store assignment for repository candidate interface com.example.longphungapp.repository.SanPhamRepository; If you want this repository to be a JDBC repository, consider annotating your entities with one of these annotations: org.springframework.data.relational.core.mapping.Table.
2025-06-02T10:18:00.028+07:00  INFO 23080 --- [LongPhungApp] [           main] .RepositoryConfigurationExtensionSupport : Spring Data JDBC - Could not safely identify store assignment for repository candidate interface com.example.longphungapp.repository.TaiKhoanRepository; If you want this repository to be a JDBC repository, consider annotating your entities with one of these annotations: org.springframework.data.relational.core.mapping.Table.
2025-06-02T10:18:00.029+07:00  INFO 23080 --- [LongPhungApp] [           main] .RepositoryConfigurationExtensionSupport : Spring Data JDBC - Could not safely identify store assignment for repository candidate interface com.example.longphungapp.repository.ThongBaoRepository; If you want this repository to be a JDBC repository, consider annotating your entities with one of these annotations: org.springframework.data.relational.core.mapping.Table.
2025-06-02T10:18:00.029+07:00  INFO 23080 --- [LongPhungApp] [           main] .RepositoryConfigurationExtensionSupport : Spring Data JDBC - Could not safely identify store assignment for repository candidate interface com.example.longphungapp.repository.ThuMuaNguyenLieuRepository; If you want this repository to be a JDBC repository, consider annotating your entities with one of these annotations: org.springframework.data.relational.core.mapping.Table.
2025-06-02T10:18:00.029+07:00  INFO 23080 --- [LongPhungApp] [           main] .RepositoryConfigurationExtensionSupport : Spring Data JDBC - Could not safely identify store assignment for repository candidate interface com.example.longphungapp.repository.TonKhoRepository; If you want this repository to be a JDBC repository, consider annotating your entities with one of these annotations: org.springframework.data.relational.core.mapping.Table.
2025-06-02T10:18:00.029+07:00  INFO 23080 --- [LongPhungApp] [           main] .RepositoryConfigurationExtensionSupport : Spring Data JDBC - Could not safely identify store assignment for repository candidate interface com.example.longphungapp.repository.VatTuRepository; If you want this repository to be a JDBC repository, consider annotating your entities with one of these annotations: org.springframework.data.relational.core.mapping.Table.
2025-06-02T10:18:00.029+07:00  INFO 23080 --- [LongPhungApp] [           main] .s.d.r.c.RepositoryConfigurationDelegate : Finished Spring Data repository scanning in 35 ms. Found 0 JDBC repository interfaces.
2025-06-02T10:18:00.973+07:00  INFO 23080 --- [LongPhungApp] [           main] o.hibernate.jpa.internal.util.LogHelper  : HHH000204: Processing PersistenceUnitInfo [name: default]
2025-06-02T10:18:01.064+07:00  INFO 23080 --- [LongPhungApp] [           main] org.hibernate.Version                    : HHH000412: Hibernate ORM core version 6.6.8.Final
2025-06-02T10:18:01.110+07:00  INFO 23080 --- [LongPhungApp] [           main] o.h.c.internal.RegionFactoryInitiator    : HHH000026: Second-level cache disabled
2025-06-02T10:18:01.518+07:00  INFO 23080 --- [LongPhungApp] [           main] o.s.o.j.p.SpringPersistenceUnitInfo      : No LoadTimeWeaver setup: ignoring JPA class transformer
2025-06-02T10:18:01.550+07:00  INFO 23080 --- [LongPhungApp] [           main] com.zaxxer.hikari.HikariDataSource       : HikariPool-1 - Starting...
2025-06-02T10:18:01.981+07:00  INFO 23080 --- [LongPhungApp] [           main] com.zaxxer.hikari.pool.HikariPool        : HikariPool-1 - Added connection com.mysql.cj.jdbc.ConnectionImpl@3d8fd373
2025-06-02T10:18:01.983+07:00  INFO 23080 --- [LongPhungApp] [           main] com.zaxxer.hikari.HikariDataSource       : HikariPool-1 - Start completed.
2025-06-02T10:18:02.040+07:00  WARN 23080 --- [LongPhungApp] [           main] org.hibernate.orm.deprecation            : HHH90000025: MySQL8Dialect does not need to be specified explicitly using 'hibernate.dialect' (remove the property setting and it will be selected by default)
2025-06-02T10:18:02.041+07:00  WARN 23080 --- [LongPhungApp] [           main] org.hibernate.orm.deprecation            : HHH90000026: MySQL8Dialect has been deprecated; use org.hibernate.dialect.MySQLDialect instead
2025-06-02T10:18:02.059+07:00  INFO 23080 --- [LongPhungApp] [           main] org.hibernate.orm.connections.pooling    : HHH10001005: Database info:
	Database JDBC URL [Connecting through datasource 'HikariDataSource (HikariPool-1)']
	Database driver: undefined/unknown
	Database version: 8.0
	Autocommit mode: undefined/unknown
	Isolation level: undefined/unknown
	Minimum pool size: undefined/unknown
	Maximum pool size: undefined/unknown
2025-06-02T10:18:03.320+07:00  INFO 23080 --- [LongPhungApp] [           main] o.h.e.t.j.p.i.JtaPlatformInitiator       : HHH000489: No JTA platform available (set 'hibernate.transaction.jta.platform' to enable JTA platform integration)
2025-06-02T10:18:03.541+07:00  INFO 23080 --- [LongPhungApp] [           main] j.LocalContainerEntityManagerFactoryBean : Initialized JPA EntityManagerFactory for persistence unit 'default'
2025-06-02T10:18:03.980+07:00  INFO 23080 --- [LongPhungApp] [           main] o.s.d.j.r.query.QueryEnhancerFactory     : Hibernate is in classpath; If applicable, HQL parser will be used.
✅ Allowed Origins: [http://localhost:3000]
2025-06-02T10:18:04.928+07:00  INFO 23080 --- [LongPhungApp] [           main] eAuthenticationProviderManagerConfigurer : Global AuthenticationManager configured with AuthenticationProvider bean with name authenticationProvider
2025-06-02T10:18:04.929+07:00  WARN 23080 --- [LongPhungApp] [           main] r$InitializeUserDetailsManagerConfigurer : Global AuthenticationManager configured with an AuthenticationProvider bean. UserDetailsService beans will not be used by Spring Security for automatically configuring username/password login. Consider removing the AuthenticationProvider bean. Alternatively, consider using the UserDetailsService in a manually instantiated DaoAuthenticationProvider. If the current configuration is intentional, to turn off this warning, increase the logging level of 'org.springframework.security.config.annotation.authentication.configuration.InitializeUserDetailsBeanManagerConfigurer' to ERROR
2025-06-02T10:18:05.699+07:00  WARN 23080 --- [LongPhungApp] [           main] JpaBaseConfiguration$JpaWebConfiguration : spring.jpa.open-in-view is enabled by default. Therefore, database queries may be performed during view rendering. Explicitly configure spring.jpa.open-in-view to disable this warning
2025-06-02T10:18:05.956+07:00 DEBUG 23080 --- [LongPhungApp] [           main] o.s.w.s.s.s.WebSocketHandlerMapping      : Patterns [/api/ws/**] in 'stompWebSocketHandlerMapping'
2025-06-02T10:18:06.057+07:00 DEBUG 23080 --- [LongPhungApp] [           main] s.w.s.m.m.a.RequestMappingHandlerMapping : 60 mappings in 'requestMappingHandlerMapping'
2025-06-02T10:18:06.161+07:00 DEBUG 23080 --- [LongPhungApp] [           main] o.s.w.s.handler.SimpleUrlHandlerMapping  : Patterns [/webjars/**, /**] in 'resourceHandlerMapping'
2025-06-02T10:18:06.329+07:00  INFO 23080 --- [LongPhungApp] [           main] o.s.b.a.e.web.EndpointLinksResolver      : Exposing 1 endpoint beneath base path '/actuator'
2025-06-02T10:18:06.437+07:00 DEBUG 23080 --- [LongPhungApp] [           main] o.s.s.web.DefaultSecurityFilterChain     : Will secure any request with filters: DisableEncodeUrlFilter, WebAsyncManagerIntegrationFilter, SecurityContextHolderFilter, HeaderWriterFilter, CorsFilter, LogoutFilter, RequestCacheAwareFilter, SecurityContextHolderAwareRequestFilter, AnonymousAuthenticationFilter, SessionManagementFilter, ExceptionTranslationFilter, AuthorizationFilter
2025-06-02T10:18:06.497+07:00 DEBUG 23080 --- [LongPhungApp] [           main] .WebSocketAnnotationMethodMessageHandler : 
	c.e.l.c.AuthController:
	
2025-06-02T10:18:06.498+07:00 DEBUG 23080 --- [LongPhungApp] [           main] .WebSocketAnnotationMethodMessageHandler : 
	c.e.l.c.CongDoanController:
	
2025-06-02T10:18:06.502+07:00 DEBUG 23080 --- [LongPhungApp] [           main] .WebSocketAnnotationMethodMessageHandler : 
	c.e.l.c.CongViecController:
	{[MESSAGE],[/getJobsTKHoanThanh]}: getJobsTKHoanThanh(String)
	{[MESSAGE],[/getJobsNhan]}: getJobsNhan(String)
	{[MESSAGE],[/getJobsDuyet]}: getJobsDuyet(String)
	{[MESSAGE],[/duyet]}: duyetSP(NhanViecReq)
	{[MESSAGE],[/nopcv]}: nopcv(NhanViecReq)
	{[MESSAGE],[/lamlai]}: lamLaiSP(NhanViecReq)
	{[MESSAGE],[/noptk]}: nop(NhanViecReq)
	{[MESSAGE],[/getJobs]}: getJobs(String)
	{[MESSAGE],[/nhan]}: acceptJob(NhanViecReq)
2025-06-02T10:18:06.503+07:00 DEBUG 23080 --- [LongPhungApp] [           main] .WebSocketAnnotationMethodMessageHandler : 
	c.e.l.c.DonHangController:
	{[MESSAGE],[/getDonDuyet]}: getDonDuyet(String)
	{[MESSAGE],[/getDonHT]}: getDonHT(String)
	{[MESSAGE],[/getDonHuy]}: getDonHuy(String)
	{[MESSAGE],[/getDonHang]}: getDonHang()
2025-06-02T10:18:06.503+07:00 DEBUG 23080 --- [LongPhungApp] [           main] .WebSocketAnnotationMethodMessageHandler : 
	c.e.l.c.FileControll:
	
2025-06-02T10:18:06.503+07:00 DEBUG 23080 --- [LongPhungApp] [           main] .WebSocketAnnotationMethodMessageHandler : 
	c.e.l.c.KhachHangController:
	
2025-06-02T10:18:06.504+07:00 DEBUG 23080 --- [LongPhungApp] [           main] .WebSocketAnnotationMethodMessageHandler : 
	c.e.l.c.KhoController:
	{[MESSAGE],[/getVatTu/update]}: getListVatTuUpdate()
	{[MESSAGE],[/getVatTu]}: getListVatTu()
	{[MESSAGE],[/getPhieu]}: getListPhieu()
2025-06-02T10:18:06.504+07:00 DEBUG 23080 --- [LongPhungApp] [           main] .WebSocketAnnotationMethodMessageHandler : 
	c.e.l.c.NguyenLieuController:
	{[MESSAGE],[/setGiaThuMua]}: setGiaThuMua(GiaThuMuaDto)
	{[MESSAGE],[/getGiaThuMua]}: getGiaThuMua(Long)
	{[MESSAGE],[/getDonDaThuMua]}: getDonDaThuMua(Boolean)
	{[MESSAGE],[/getDonThuMua]}: getDon(Boolean)
	{[MESSAGE],[/chotGia]}: ChotGia(DonThuMuaDto)
2025-06-02T10:18:06.504+07:00 DEBUG 23080 --- [LongPhungApp] [           main] .WebSocketAnnotationMethodMessageHandler : 
	c.e.l.c.NhanVienController:
	
2025-06-02T10:18:06.504+07:00 DEBUG 23080 --- [LongPhungApp] [           main] .WebSocketAnnotationMethodMessageHandler : 
	c.e.l.c.QuyTrinhController:
	
2025-06-02T10:18:06.504+07:00 DEBUG 23080 --- [LongPhungApp] [           main] .WebSocketAnnotationMethodMessageHandler : 
	c.e.l.c.SanPhamController:
	
2025-06-02T10:18:06.504+07:00 DEBUG 23080 --- [LongPhungApp] [           main] .WebSocketAnnotationMethodMessageHandler : 
	c.e.l.c.TaiKhoanController:
	
2025-06-02T10:18:06.505+07:00 DEBUG 23080 --- [LongPhungApp] [           main] .WebSocketAnnotationMethodMessageHandler : 
	c.e.l.c.ThongBaoController:
	{[MESSAGE],[/thongbao/guiAll]}: guiThongBaoAll(ThongBaoDto)
	{[MESSAGE],[/thongbao/gui/{id}]}: guiThongBao(ThongBaoDto,String)
	{[MESSAGE],[/thongbao/getThongBao]}: getAllThongBao()
2025-06-02T10:18:06.505+07:00 DEBUG 23080 --- [LongPhungApp] [           main] .WebSocketAnnotationMethodMessageHandler : 
	c.e.l.E.CustomerException:
	
2025-06-02T10:18:06.506+07:00 DEBUG 23080 --- [LongPhungApp] [           main] .WebSocketAnnotationMethodMessageHandler : 
	o.s.b.a.w.s.e.BasicErrorController:
	
2025-06-02T10:18:06.750+07:00 DEBUG 23080 --- [LongPhungApp] [           main] s.w.s.m.m.a.RequestMappingHandlerAdapter : ControllerAdvice beans: 0 @ModelAttribute, 0 @InitBinder, 1 RequestBodyAdvice, 1 ResponseBodyAdvice
2025-06-02T10:18:06.804+07:00 DEBUG 23080 --- [LongPhungApp] [           main] .m.m.a.ExceptionHandlerExceptionResolver : ControllerAdvice beans: 1 @ExceptionHandler, 1 ResponseBodyAdvice
2025-06-02T10:18:07.213+07:00 DEBUG 23080 --- [LongPhungApp] [           main] org.springframework.web.SimpLogging      : clientOutboundChannel added SubProtocolWebSocketHandler[StompSubProtocolHandler[v10.stomp, v11.stomp, v12.stomp]]
2025-06-02T10:18:07.214+07:00 DEBUG 23080 --- [LongPhungApp] [           main] org.springframework.web.SimpLogging      : clientInboundChannel added WebSocketAnnotationMethodMessageHandler[prefixes=[/app/]]
2025-06-02T10:18:07.214+07:00  INFO 23080 --- [LongPhungApp] [           main] o.s.m.s.b.SimpleBrokerMessageHandler     : Starting...
2025-06-02T10:18:07.214+07:00 DEBUG 23080 --- [LongPhungApp] [           main] org.springframework.web.SimpLogging      : clientInboundChannel added SimpleBrokerMessageHandler [org.springframework.messaging.simp.broker.DefaultSubscriptionRegistry@23fd9be1]
2025-06-02T10:18:07.214+07:00 DEBUG 23080 --- [LongPhungApp] [           main] org.springframework.web.SimpLogging      : brokerChannel added SimpleBrokerMessageHandler [org.springframework.messaging.simp.broker.DefaultSubscriptionRegistry@23fd9be1]
2025-06-02T10:18:07.215+07:00  INFO 23080 --- [LongPhungApp] [           main] o.s.m.s.b.SimpleBrokerMessageHandler     : BrokerAvailabilityEvent[available=true, SimpleBrokerMessageHandler [org.springframework.messaging.simp.broker.DefaultSubscriptionRegistry@23fd9be1]]
2025-06-02T10:18:07.216+07:00  INFO 23080 --- [LongPhungApp] [           main] o.s.m.s.b.SimpleBrokerMessageHandler     : Started.
2025-06-02T10:18:07.216+07:00 DEBUG 23080 --- [LongPhungApp] [           main] org.springframework.web.SimpLogging      : clientInboundChannel added UserDestinationMessageHandler[DefaultUserDestinationResolver[prefix=/user/]]
2025-06-02T10:18:07.216+07:00 DEBUG 23080 --- [LongPhungApp] [           main] org.springframework.web.SimpLogging      : brokerChannel added UserDestinationMessageHandler[DefaultUserDestinationResolver[prefix=/user/]]
2025-06-02T10:18:07.227+07:00  INFO 23080 --- [LongPhungApp] [           main] o.s.s.config.TaskSchedulerRouter         : More than one TaskScheduler bean exists within the context, and none is named 'taskScheduler'. Mark one of them as primary or name it 'taskScheduler' (possibly as an alias); or implement the SchedulingConfigurer interface and call ScheduledTaskRegistrar#setScheduler explicitly within the configureTasks() callback: [messageBrokerTaskScheduler, customMessageBrokerTaskScheduler]
2025-06-02T10:18:07.237+07:00  INFO 23080 --- [LongPhungApp] [           main] c.e.l.LongPhungAppApplicationTests       : Started LongPhungAppApplicationTests in 9.054 seconds (process running for 10.104)
]]></system-out>
    <system-err><![CDATA[Mockito is currently self-attaching to enable the inline-mock-maker. This will no longer work in future releases of the JDK. Please add Mockito as an agent to your build what is described in Mockito's documentation: https://javadoc.io/doc/org.mockito/mockito-core/latest/org/mockito/Mockito.html#0.3
WARNING: A Java agent has been loaded dynamically (C:\Users\kmink\.m2\repository\net\bytebuddy\byte-buddy-agent\1.15.11\byte-buddy-agent-1.15.11.jar)
WARNING: If a serviceability tool is in use, please run with -XX:+EnableDynamicAgentLoading to hide this warning
WARNING: If a serviceability tool is not in use, please run with -Djdk.instrument.traceUsage for more information
WARNING: Dynamic loading of agents will be disallowed by default in a future release
]]></system-err>
  </testcase>
  <testcase name="contextLoads" classname="com.example.longphungapp.LongPhungAppApplicationTests" time="0.006"/>
  <testcase name="testSanPhamControllerIsLoaded" classname="com.example.longphungapp.LongPhungAppApplicationTests" time="0.005"/>
</testsuite>