<?xml version="1.0" encoding="UTF-8"?>
<testsuite xmlns:xsi="http://www.w3.org/2001/XMLSchema-instance" xsi:noNamespaceSchemaLocation="https://maven.apache.org/surefire/maven-surefire-plugin/xsd/surefire-test-report.xsd" version="3.0.2" name="com.example.longphungapp.LongPhungAppApplicationTests" time="6.818" tests="1" errors="0" skipped="0" failures="0">
  <properties>
[...]
</properties>
  <testcase name="contextLoads" classname="com.example.longphungapp.LongPhungAppApplicationTests" time="0.402">
    <system-out><![CDATA[09:20:35.729 [main] INFO org.springframework.test.context.support.AnnotationConfigContextLoaderUtils -- Could not detect default configuration classes for test class [com.example.longphungapp.LongPhungAppApplicationTests]: LongPhungAppApplicationTests does not declare any static, non-private, non-final, nested classes annotated with @Configuration.
09:20:35.851 [main] INFO org.springframework.boot.test.context.SpringBootTestContextBootstrapper -- Found @SpringBootConfiguration com.example.longphungapp.LongPhungAppApplication for test class com.example.longphungapp.LongPhungAppApplicationTests
09:20:36.005 [main] INFO org.springframework.boot.devtools.restart.RestartApplicationListener -- Restart disabled due to context in which it is running

  .   ____          _            __ _ _
 /\\ / ___'_ __ _ _(_)_ __  __ _ \ \ \ \
( ( )\___ | '_ | '_| | '_ \/ _` | \ \ \ \
 \\/  ___)| |_)| | | | | || (_| |  ) ) ) )
  '  |____| .__|_| |_|_| |_\__, | / / / /
 =========|_|==============|___/=/_/_/_/

 :: Spring Boot ::                (v3.4.3)

2025-03-31T09:20:36.282+07:00  INFO 4336 --- [LongPhungApp] [           main] c.e.l.LongPhungAppApplicationTests       : Starting LongPhungAppApplicationTests v0.0.1-SNAPSHOT using Java 21.0.2 with PID 4336 (started by kmink in E:\CongViec\LongPhungApp\LongPhungBE)
2025-03-31T09:20:36.283+07:00  INFO 4336 --- [LongPhungApp] [           main] c.e.l.LongPhungAppApplicationTests       : No active profile set, falling back to 1 default profile: "default"
2025-03-31T09:20:36.833+07:00  INFO 4336 --- [LongPhungApp] [           main] .s.d.r.c.RepositoryConfigurationDelegate : Multiple Spring Data modules found, entering strict repository configuration mode
2025-03-31T09:20:36.833+07:00  INFO 4336 --- [LongPhungApp] [           main] .s.d.r.c.RepositoryConfigurationDelegate : Bootstrapping Spring Data JPA repositories in DEFAULT mode.
2025-03-31T09:20:36.935+07:00  INFO 4336 --- [LongPhungApp] [           main] .s.d.r.c.RepositoryConfigurationDelegate : Finished Spring Data repository scanning in 93 ms. Found 21 JPA repository interfaces.
2025-03-31T09:20:37.149+07:00  INFO 4336 --- [LongPhungApp] [           main] .s.d.r.c.RepositoryConfigurationDelegate : Multiple Spring Data modules found, entering strict repository configuration mode
2025-03-31T09:20:37.149+07:00  INFO 4336 --- [LongPhungApp] [           main] .s.d.r.c.RepositoryConfigurationDelegate : Bootstrapping Spring Data JDBC repositories in DEFAULT mode.
2025-03-31T09:20:37.173+07:00  INFO 4336 --- [LongPhungApp] [           main] .RepositoryConfigurationExtensionSupport : Spring Data JDBC - Could not safely identify store assignment for repository candidate interface com.example.longphungapp.repository.ChamCongRepository; If you want this repository to be a JDBC repository, consider annotating your entities with one of these annotations: org.springframework.data.relational.core.mapping.Table.
2025-03-31T09:20:37.175+07:00  INFO 4336 --- [LongPhungApp] [           main] .RepositoryConfigurationExtensionSupport : Spring Data JDBC - Could not safely identify store assignment for repository candidate interface com.example.longphungapp.repository.ChatLieuRepository; If you want this repository to be a JDBC repository, consider annotating your entities with one of these annotations: org.springframework.data.relational.core.mapping.Table.
2025-03-31T09:20:37.175+07:00  INFO 4336 --- [LongPhungApp] [           main] .RepositoryConfigurationExtensionSupport : Spring Data JDBC - Could not safely identify store assignment for repository candidate interface com.example.longphungapp.repository.CongDoanRepository; If you want this repository to be a JDBC repository, consider annotating your entities with one of these annotations: org.springframework.data.relational.core.mapping.Table.
2025-03-31T09:20:37.175+07:00  INFO 4336 --- [LongPhungApp] [           main] .RepositoryConfigurationExtensionSupport : Spring Data JDBC - Could not safely identify store assignment for repository candidate interface com.example.longphungapp.repository.CongViecCTRepository; If you want this repository to be a JDBC repository, consider annotating your entities with one of these annotations: org.springframework.data.relational.core.mapping.Table.
2025-03-31T09:20:37.176+07:00  INFO 4336 --- [LongPhungApp] [           main] .RepositoryConfigurationExtensionSupport : Spring Data JDBC - Could not safely identify store assignment for repository candidate interface com.example.longphungapp.repository.DonHangCTRepository; If you want this repository to be a JDBC repository, consider annotating your entities with one of these annotations: org.springframework.data.relational.core.mapping.Table.
2025-03-31T09:20:37.176+07:00  INFO 4336 --- [LongPhungApp] [           main] .RepositoryConfigurationExtensionSupport : Spring Data JDBC - Could not safely identify store assignment for repository candidate interface com.example.longphungapp.repository.DonHangRepository; If you want this repository to be a JDBC repository, consider annotating your entities with one of these annotations: org.springframework.data.relational.core.mapping.Table.
2025-03-31T09:20:37.176+07:00  INFO 4336 --- [LongPhungApp] [           main] .RepositoryConfigurationExtensionSupport : Spring Data JDBC - Could not safely identify store assignment for repository candidate interface com.example.longphungapp.repository.DonHuyRepository; If you want this repository to be a JDBC repository, consider annotating your entities with one of these annotations: org.springframework.data.relational.core.mapping.Table.
2025-03-31T09:20:37.176+07:00  INFO 4336 --- [LongPhungApp] [           main] .RepositoryConfigurationExtensionSupport : Spring Data JDBC - Could not safely identify store assignment for repository candidate interface com.example.longphungapp.repository.DoViTinhRepository; If you want this repository to be a JDBC repository, consider annotating your entities with one of these annotations: org.springframework.data.relational.core.mapping.Table.
2025-03-31T09:20:37.176+07:00  INFO 4336 --- [LongPhungApp] [           main] .RepositoryConfigurationExtensionSupport : Spring Data JDBC - Could not safely identify store assignment for repository candidate interface com.example.longphungapp.repository.DVVCRepository; If you want this repository to be a JDBC repository, consider annotating your entities with one of these annotations: org.springframework.data.relational.core.mapping.Table.
2025-03-31T09:20:37.177+07:00  INFO 4336 --- [LongPhungApp] [           main] .RepositoryConfigurationExtensionSupport : Spring Data JDBC - Could not safely identify store assignment for repository candidate interface com.example.longphungapp.repository.HinhDangRepository; If you want this repository to be a JDBC repository, consider annotating your entities with one of these annotations: org.springframework.data.relational.core.mapping.Table.
2025-03-31T09:20:37.177+07:00  INFO 4336 --- [LongPhungApp] [           main] .RepositoryConfigurationExtensionSupport : Spring Data JDBC - Could not safely identify store assignment for repository candidate interface com.example.longphungapp.repository.ImagesRepository; If you want this repository to be a JDBC repository, consider annotating your entities with one of these annotations: org.springframework.data.relational.core.mapping.Table.
2025-03-31T09:20:37.177+07:00  INFO 4336 --- [LongPhungApp] [           main] .RepositoryConfigurationExtensionSupport : Spring Data JDBC - Could not safely identify store assignment for repository candidate interface com.example.longphungapp.repository.KhachHangRepository; If you want this repository to be a JDBC repository, consider annotating your entities with one of these annotations: org.springframework.data.relational.core.mapping.Table.
2025-03-31T09:20:37.177+07:00  INFO 4336 --- [LongPhungApp] [           main] .RepositoryConfigurationExtensionSupport : Spring Data JDBC - Could not safely identify store assignment for repository candidate interface com.example.longphungapp.repository.KhoRepository; If you want this repository to be a JDBC repository, consider annotating your entities with one of these annotations: org.springframework.data.relational.core.mapping.Table.
2025-03-31T09:20:37.177+07:00  INFO 4336 --- [LongPhungApp] [           main] .RepositoryConfigurationExtensionSupport : Spring Data JDBC - Could not safely identify store assignment for repository candidate interface com.example.longphungapp.repository.LichSuCVRepository; If you want this repository to be a JDBC repository, consider annotating your entities with one of these annotations: org.springframework.data.relational.core.mapping.Table.
2025-03-31T09:20:37.178+07:00  INFO 4336 --- [LongPhungApp] [           main] .RepositoryConfigurationExtensionSupport : Spring Data JDBC - Could not safely identify store assignment for repository candidate interface com.example.longphungapp.repository.LichSuDonHangRepository; If you want this repository to be a JDBC repository, consider annotating your entities with one of these annotations: org.springframework.data.relational.core.mapping.Table.
2025-03-31T09:20:37.178+07:00  INFO 4336 --- [LongPhungApp] [           main] .RepositoryConfigurationExtensionSupport : Spring Data JDBC - Could not safely identify store assignment for repository candidate interface com.example.longphungapp.repository.LoaiSpRepository; If you want this repository to be a JDBC repository, consider annotating your entities with one of these annotations: org.springframework.data.relational.core.mapping.Table.
2025-03-31T09:20:37.178+07:00  INFO 4336 --- [LongPhungApp] [           main] .RepositoryConfigurationExtensionSupport : Spring Data JDBC - Could not safely identify store assignment for repository candidate interface com.example.longphungapp.repository.NhanVienRepository; If you want this repository to be a JDBC repository, consider annotating your entities with one of these annotations: org.springframework.data.relational.core.mapping.Table.
2025-03-31T09:20:37.178+07:00  INFO 4336 --- [LongPhungApp] [           main] .RepositoryConfigurationExtensionSupport : Spring Data JDBC - Could not safely identify store assignment for repository candidate interface com.example.longphungapp.repository.QuyTrinhRepository; If you want this repository to be a JDBC repository, consider annotating your entities with one of these annotations: org.springframework.data.relational.core.mapping.Table.
2025-03-31T09:20:37.179+07:00  INFO 4336 --- [LongPhungApp] [           main] .RepositoryConfigurationExtensionSupport : Spring Data JDBC - Could not safely identify store assignment for repository candidate interface com.example.longphungapp.repository.SanPhamRepository; If you want this repository to be a JDBC repository, consider annotating your entities with one of these annotations: org.springframework.data.relational.core.mapping.Table.
2025-03-31T09:20:37.179+07:00  INFO 4336 --- [LongPhungApp] [           main] .RepositoryConfigurationExtensionSupport : Spring Data JDBC - Could not safely identify store assignment for repository candidate interface com.example.longphungapp.repository.SP_KhoRepository; If you want this repository to be a JDBC repository, consider annotating your entities with one of these annotations: org.springframework.data.relational.core.mapping.Table.
2025-03-31T09:20:37.179+07:00  INFO 4336 --- [LongPhungApp] [           main] .RepositoryConfigurationExtensionSupport : Spring Data JDBC - Could not safely identify store assignment for repository candidate interface com.example.longphungapp.repository.TaiKhoanRepository; If you want this repository to be a JDBC repository, consider annotating your entities with one of these annotations: org.springframework.data.relational.core.mapping.Table.
2025-03-31T09:20:37.179+07:00  INFO 4336 --- [LongPhungApp] [           main] .s.d.r.c.RepositoryConfigurationDelegate : Finished Spring Data repository scanning in 28 ms. Found 0 JDBC repository interfaces.
2025-03-31T09:20:37.752+07:00  INFO 4336 --- [LongPhungApp] [           main] o.hibernate.jpa.internal.util.LogHelper  : HHH000204: Processing PersistenceUnitInfo [name: default]
2025-03-31T09:20:37.809+07:00  INFO 4336 --- [LongPhungApp] [           main] org.hibernate.Version                    : HHH000412: Hibernate ORM core version 6.6.8.Final
2025-03-31T09:20:37.856+07:00  INFO 4336 --- [LongPhungApp] [           main] o.h.c.internal.RegionFactoryInitiator    : HHH000026: Second-level cache disabled
2025-03-31T09:20:38.201+07:00  INFO 4336 --- [LongPhungApp] [           main] o.s.o.j.p.SpringPersistenceUnitInfo      : No LoadTimeWeaver setup: ignoring JPA class transformer
2025-03-31T09:20:38.241+07:00  INFO 4336 --- [LongPhungApp] [           main] com.zaxxer.hikari.HikariDataSource       : HikariPool-1 - Starting...
2025-03-31T09:20:38.697+07:00  INFO 4336 --- [LongPhungApp] [           main] com.zaxxer.hikari.pool.HikariPool        : HikariPool-1 - Added connection com.mysql.cj.jdbc.ConnectionImpl@6ea3a513
2025-03-31T09:20:38.699+07:00  INFO 4336 --- [LongPhungApp] [           main] com.zaxxer.hikari.HikariDataSource       : HikariPool-1 - Start completed.
2025-03-31T09:20:38.747+07:00  WARN 4336 --- [LongPhungApp] [           main] org.hibernate.orm.deprecation            : HHH90000025: MySQL8Dialect does not need to be specified explicitly using 'hibernate.dialect' (remove the property setting and it will be selected by default)
2025-03-31T09:20:38.748+07:00  WARN 4336 --- [LongPhungApp] [           main] org.hibernate.orm.deprecation            : HHH90000026: MySQL8Dialect has been deprecated; use org.hibernate.dialect.MySQLDialect instead
2025-03-31T09:20:38.765+07:00  INFO 4336 --- [LongPhungApp] [           main] org.hibernate.orm.connections.pooling    : HHH10001005: Database info:
	Database JDBC URL [Connecting through datasource 'HikariDataSource (HikariPool-1)']
	Database driver: undefined/unknown
	Database version: 8.0
	Autocommit mode: undefined/unknown
	Isolation level: undefined/unknown
	Minimum pool size: undefined/unknown
	Maximum pool size: undefined/unknown
2025-03-31T09:20:39.753+07:00  INFO 4336 --- [LongPhungApp] [           main] o.h.e.t.j.p.i.JtaPlatformInitiator       : HHH000489: No JTA platform available (set 'hibernate.transaction.jta.platform' to enable JTA platform integration)
2025-03-31T09:20:39.917+07:00  INFO 4336 --- [LongPhungApp] [           main] j.LocalContainerEntityManagerFactoryBean : Initialized JPA EntityManagerFactory for persistence unit 'default'
2025-03-31T09:20:40.231+07:00  INFO 4336 --- [LongPhungApp] [           main] o.s.d.j.r.query.QueryEnhancerFactory     : Hibernate is in classpath; If applicable, HQL parser will be used.
2025-03-31T09:20:41.280+07:00  WARN 4336 --- [LongPhungApp] [           main] JpaBaseConfiguration$JpaWebConfiguration : spring.jpa.open-in-view is enabled by default. Therefore, database queries may be performed during view rendering. Explicitly configure spring.jpa.open-in-view to disable this warning
2025-03-31T09:20:41.921+07:00  INFO 4336 --- [LongPhungApp] [           main] o.s.m.s.b.SimpleBrokerMessageHandler     : Starting...
2025-03-31T09:20:41.922+07:00  INFO 4336 --- [LongPhungApp] [           main] o.s.m.s.b.SimpleBrokerMessageHandler     : BrokerAvailabilityEvent[available=true, SimpleBrokerMessageHandler [org.springframework.messaging.simp.broker.DefaultSubscriptionRegistry@14df8bee]]
2025-03-31T09:20:41.923+07:00  INFO 4336 --- [LongPhungApp] [           main] o.s.m.s.b.SimpleBrokerMessageHandler     : Started.
2025-03-31T09:20:41.933+07:00  INFO 4336 --- [LongPhungApp] [           main] c.e.l.LongPhungAppApplicationTests       : Started LongPhungAppApplicationTests in 5.941 seconds (process running for 6.923)
]]></system-out>
    <system-err><![CDATA[Mockito is currently self-attaching to enable the inline-mock-maker. This will no longer work in future releases of the JDK. Please add Mockito as an agent to your build what is described in Mockito's documentation: https://javadoc.io/doc/org.mockito/mockito-core/latest/org/mockito/Mockito.html#0.3
WARNING: A Java agent has been loaded dynamically (C:\Users\kmink\.m2\repository\net\bytebuddy\byte-buddy-agent\1.15.11\byte-buddy-agent-1.15.11.jar)
WARNING: If a serviceability tool is in use, please run with -XX:+EnableDynamicAgentLoading to hide this warning
WARNING: If a serviceability tool is not in use, please run with -Djdk.instrument.traceUsage for more information
WARNING: Dynamic loading of agents will be disallowed by default in a future release
]]></system-err>
  </testcase>
</testsuite>