<?xml version="1.0" encoding="UTF-8"?>
<testsuite xmlns:xsi="http://www.w3.org/2001/XMLSchema-instance" xsi:noNamespaceSchemaLocation="https://maven.apache.org/surefire/maven-surefire-plugin/xsd/surefire-test-report.xsd" version="3.0.2" name="com.example.longphungapp.service.BaoCaoServiceTest" time="0.17" tests="1" errors="0" skipped="0" failures="0">
  <properties>
[...]
</properties>
  <testcase name="testGetBaoCaoSP" classname="com.example.longphungapp.service.BaoCaoServiceTest" time="0.145">
    <system-out><![CDATA[2025-08-05T16:55:35.130+07:00  INFO 27004 --- [LongPhungApp] [           main] t.c.s.AnnotationConfigContextLoaderUtils : Could not detect default configuration classes for test class [com.example.longphungapp.service.BaoCaoServiceTest]: BaoCaoServiceTest does not declare any static, non-private, non-final, nested classes annotated with @Configuration.
2025-08-05T16:55:35.149+07:00  INFO 27004 --- [LongPhungApp] [           main] .b.t.c.SpringBootTestContextBootstrapper : Found @SpringBootConfiguration com.example.longphungapp.LongPhungAppApplication for test class com.example.longphungapp.service.BaoCaoServiceTest
Hibernate: select sp1_0.ten_sp,sum(dhc1_0.so_luong),sum((dhc1_0.don_gia*dhc1_0.so_luong)),sum((dhc1_0.gia_goc*dhc1_0.so_luong)),sum(((dhc1_0.don_gia-dhc1_0.gia_goc)*dhc1_0.so_luong)) from don_hang_ct dhc1_0 join san_pham sp1_0 on sp1_0.id=dhc1_0.san_pham_ma_sp group by sp1_0.id
Móc khóa nhựa đúc đóng khoen cao cấp 30mm
2
8596.08
1074.51
7521.57
]]></system-out>
  </testcase>
</testsuite>